-----------------------------------------------------------------
[21508] 2020/03/05 23:16:29.602 Connect Server IP：srvsolace-fg.capital.com.tw 443
[21508] 2020/03/05 23:16:29.720 海期交易所清單: 35,INDEX
[21508] 2020/03/05 23:16:29.720 海期交易所清單: 34,FX
[21508] 2020/03/05 23:16:29.721 海期交易所清單: 20,CME
[21508] 2020/03/05 23:16:29.721 海期交易所清單: 21,CBOT
[21508] 2020/03/05 23:16:29.721 海期交易所清單: 22,NYM
[21508] 2020/03/05 23:16:29.721 海期交易所清單: 37,CFE
[21508] 2020/03/05 23:16:29.721 海期交易所清單: 126,SGX
[21508] 2020/03/05 23:16:29.721 海期交易所清單: 24,SGX
[21508] 2020/03/05 23:16:29.721 海期交易所清單: 26,ICEUS
[21508] 2020/03/05 23:16:29.721 海期交易所清單: 27,ICEEU
[21508] 2020/03/05 23:16:29.721 海期交易所清單: 39,ICESG
[21508] 2020/03/05 23:16:29.721 海期交易所清單: 128,HKEx
[21508] 2020/03/05 23:16:29.721 海期交易所清單: 28,HKEx
[21508] 2020/03/05 23:16:29.721 海期交易所清單: 29,Eurex
[21508] 2020/03/05 23:16:29.721 海期交易所清單: 30,ASX
[21508] 2020/03/05 23:16:29.721 海期交易所清單: 31,OSE
[21508] 2020/03/05 23:16:29.721 海期交易所清單: 32,TCE
[21508] 2020/03/05 23:16:29.778 海期商品清單 Done: 30,ASX
[21508] 2020/03/05 23:16:29.780 海期商品清單 Done: 35,INDEX
[21508] 2020/03/05 23:16:29.782 海期商品清單 Done: 37,CFE
[21508] 2020/03/05 23:16:29.790 海期商品清單 Done: 126,SGX
[21508] 2020/03/05 23:16:29.798 海期商品清單 Done: 27,ICEEU
[21508] 2020/03/05 23:16:29.815 海期商品清單 Done: 22,NYM
[21508] 2020/03/05 23:16:29.824 海期商品清單 Done: 32,TCE
[21508] 2020/03/05 23:16:29.841 海期商品清單 Done: 20,CME
[21508] 2020/03/05 23:16:29.843 海期商品清單 Done: 39,ICESG
[21508] 2020/03/05 23:16:29.848 海期商品清單 Done: 34,FX
[21508] 2020/03/05 23:16:29.854 海期商品清單 Done: 26,ICEUS
[21508] 2020/03/05 23:16:29.861 海期商品清單 Done: 128,HKEx
[21508] 2020/03/05 23:16:29.863 海期商品清單 Done: 31,OSE
[21508] 2020/03/05 23:16:29.872 海期商品清單 Done: 29,Eurex
[21508] 2020/03/05 23:16:29.888 海期商品清單 Done: 21,CBOT
[21508] 2020/03/05 23:16:29.927 OnConnect ( 3001 , 0 ) 
[21508] 2020/03/06 04:30:11.302 海期開始更新商品
[21508] 2020/03/06 04:30:11.313 海期結束更新商品
[21508] 2020/03/06 04:45:12.570 海期開始更新商品
[21508] 2020/03/06 04:45:12.601 海期結束更新商品
[21508] 2020/03/06 05:30:11.170 海期開始更新商品
[21508] 2020/03/06 05:30:11.174 海期結束更新商品
[21508] 2020/03/06 05:45:10.847 海期開始更新商品
[21508] 2020/03/06 05:45:10.849 海期結束更新商品
[21508] 2020/03/06 06:01:00.783 海期開始更新商品
[21508] 2020/03/06 06:01:00.808 海期結束更新商品
[21508] 2020/03/06 06:08:27.826 海期開始更新商品
[21508] 2020/03/06 06:08:27.873 海期結束更新商品
[21508] 2020/03/06 06:17:01.167 海期開始更新商品
[21508] 2020/03/06 06:17:01.168 海期結束更新商品
[21508] 2020/03/06 06:41:45.018 海期開始更新商品
[21508] 2020/03/06 06:41:45.072 海期結束更新商品
[21508] 2020/03/06 06:45:16.159 海期開始更新商品
[21508] 2020/03/06 06:45:16.241 海期結束更新商品
[21508] 2020/03/06 06:45:17.056 海期開始更新商品
[21508] 2020/03/06 06:45:17.103 海期結束更新商品
[21508] 2020/03/06 06:45:18.053 海期開始更新商品
[21508] 2020/03/06 06:45:18.180 海期結束更新商品
[21508] 2020/03/06 06:47:12.355 海期開始更新商品
[21508] 2020/03/06 06:47:12.363 海期結束更新商品
[21508] 2020/03/06 07:45:10.814 海期開始更新商品
[21508] 2020/03/06 07:45:10.814 海期結束更新商品
[21508] 2020/03/06 07:45:11.519 海期開始更新商品
[21508] 2020/03/06 07:45:11.527 海期結束更新商品
[21508] 2020/03/06 07:45:12.406 海期開始更新商品
[21508] 2020/03/06 07:45:12.410 海期結束更新商品
[21508] 2020/03/06 07:45:27.997 海期開始更新商品
[21508] 2020/03/06 07:45:27.998 海期結束更新商品
[21508] 2020/03/06 07:46:10.477 海期開始更新商品
[21508] 2020/03/06 07:46:10.478 海期結束更新商品
[21508] 2020/03/06 07:55:11.921 海期開始更新商品
[21508] 2020/03/06 07:55:11.948 海期結束更新商品
[21508] 2020/03/06 08:02:00.963 海期開始更新商品
[21508] 2020/03/06 08:02:00.963 海期結束更新商品
[21508] 2020/03/06 08:45:11.408 海期開始更新商品
[21508] 2020/03/06 08:45:11.409 海期結束更新商品
[21508] 2020/03/06 08:45:12.026 海期開始更新商品
[21508] 2020/03/06 08:45:12.055 海期結束更新商品
[21508] 2020/03/06 08:45:14.881 海期開始更新商品
[21508] 2020/03/06 08:45:14.947 海期結束更新商品
[21508] 2020/03/06 08:45:15.850 海期開始更新商品
[21508] 2020/03/06 08:45:15.940 海期結束更新商品
[21508] 2020/03/06 08:45:28.987 海期開始更新商品
[21508] 2020/03/06 08:45:28.988 海期結束更新商品
[21508] 2020/03/06 08:45:29.762 海期開始更新商品
[21508] 2020/03/06 08:45:29.763 海期結束更新商品
[21508] 2020/03/06 08:45:31.410 海期開始更新商品
[21508] 2020/03/06 08:45:31.411 海期結束更新商品
[21508] 2020/03/06 09:10:10.671 海期開始更新商品
[21508] 2020/03/06 09:10:10.673 海期結束更新商品
[21508] 2020/03/06 09:15:04.695 海期開始更新商品
[21508] 2020/03/06 09:15:04.697 海期結束更新商品
[21508] 2020/03/06 09:15:05.240 海期開始更新商品
[21508] 2020/03/06 09:15:05.242 海期結束更新商品
[21508] 2020/03/06 09:15:05.795 海期開始更新商品
[21508] 2020/03/06 09:15:05.798 海期結束更新商品
[21508] 2020/03/06 09:15:11.485 海期開始更新商品
[21508] 2020/03/06 09:15:11.489 海期結束更新商品
[21508] 2020/03/06 09:45:11.691 海期開始更新商品
[21508] 2020/03/06 09:45:11.699 海期結束更新商品
[21508] 2020/03/06 11:15:28.499 海期開始更新商品
[21508] 2020/03/06 11:15:28.500 海期結束更新商品
[21508] 2020/03/06 13:45:11.493 海期開始更新商品
[21508] 2020/03/06 13:45:11.496 海期結束更新商品
[21508] 2020/03/06 13:50:11.888 海期開始更新商品
[21508] 2020/03/06 13:50:11.902 海期結束更新商品
[21508] 2020/03/06 14:00:28.790 海期開始更新商品
[21508] 2020/03/06 14:00:28.798 海期結束更新商品
[21508] 2020/03/06 14:05:54.454 海期開始更新商品
[21508] 2020/03/06 14:05:54.459 海期結束更新商品
[21508] 2020/03/06 14:15:11.631 海期開始更新商品
[21508] 2020/03/06 14:15:11.635 海期結束更新商品
[21508] 2020/03/06 14:39:59.905 海期開始更新商品
[21508] 2020/03/06 14:39:59.909 海期結束更新商品
[21508] 2020/03/06 14:45:10.978 海期開始更新商品
[21508] 2020/03/06 14:45:10.979 海期結束更新商品
[21508] 2020/03/06 14:45:12.925 海期開始更新商品
[21508] 2020/03/06 14:45:12.963 海期結束更新商品
[21508] 2020/03/06 14:47:54.857 海期開始更新商品
[21508] 2020/03/06 14:47:54.858 海期結束更新商品
[21508] 2020/03/06 15:15:11.569 海期開始更新商品
[21508] 2020/03/06 15:15:11.586 海期結束更新商品
[21508] 2020/03/06 15:15:14.406 海期開始更新商品
[21508] 2020/03/06 15:15:14.505 海期結束更新商品
[21508] 2020/03/06 15:35:11.357 海期開始更新商品
[21508] 2020/03/06 15:35:11.365 海期結束更新商品
[21508] 2020/03/06 15:45:11.368 海期開始更新商品
[21508] 2020/03/06 15:45:11.372 海期結束更新商品
[21508] 2020/03/06 16:00:01.261 海期開始更新商品
[21508] 2020/03/06 16:00:01.262 海期結束更新商品
[21508] 2020/03/06 16:15:11.711 海期開始更新商品
[21508] 2020/03/06 16:15:11.719 海期結束更新商品
[21508] 2020/03/06 16:30:11.242 海期開始更新商品
[21508] 2020/03/06 16:30:11.246 海期結束更新商品
[21508] 2020/03/06 16:45:01.259 海期開始更新商品
[21508] 2020/03/06 16:45:01.264 海期結束更新商品
[21508] 2020/03/06 16:45:02.456 海期開始更新商品
[21508] 2020/03/06 16:45:02.463 海期結束更新商品
[21508] 2020/03/06 16:45:03.027 海期開始更新商品
[21508] 2020/03/06 16:45:03.032 海期結束更新商品
[21508] 2020/03/06 16:45:03.587 海期開始更新商品
[21508] 2020/03/06 16:45:03.594 海期結束更新商品
[21508] 2020/03/06 16:45:04.145 海期開始更新商品
[21508] 2020/03/06 16:45:04.155 海期結束更新商品
[21508] 2020/03/06 16:45:04.711 海期開始更新商品
[21508] 2020/03/06 16:45:04.714 海期結束更新商品
[21508] 2020/03/06 16:45:05.271 海期開始更新商品
[21508] 2020/03/06 16:45:05.276 海期結束更新商品
[21508] 2020/03/06 16:45:05.838 海期開始更新商品
[21508] 2020/03/06 16:45:05.842 海期結束更新商品
[21508] 2020/03/06 16:45:06.404 海期開始更新商品
[21508] 2020/03/06 16:45:06.411 海期結束更新商品
[21508] 2020/03/06 16:45:06.960 海期開始更新商品
[21508] 2020/03/06 16:45:06.965 海期結束更新商品
[21508] 2020/03/06 16:48:55.885 海期開始更新商品
[21508] 2020/03/06 16:48:55.888 海期結束更新商品
[21508] 2020/03/06 17:00:02.978 海期開始更新商品
[21508] 2020/03/06 17:00:02.981 海期結束更新商品
[21508] 2020/03/06 17:00:03.541 海期開始更新商品
[21508] 2020/03/06 17:00:03.546 海期結束更新商品
[21508] 2020/03/06 17:00:04.092 海期開始更新商品
[21508] 2020/03/06 17:00:04.096 海期結束更新商品
[21508] 2020/03/06 17:00:11.538 海期開始更新商品
[21508] 2020/03/06 17:00:11.553 海期結束更新商品
[21508] 2020/03/06 17:15:01.362 海期開始更新商品
[21508] 2020/03/06 17:15:01.364 海期結束更新商品
[21508] 2020/03/06 17:15:11.623 海期開始更新商品
[21508] 2020/03/06 17:15:11.628 海期結束更新商品
[21508] 2020/03/06 17:19:56.170 海期開始更新商品
[21508] 2020/03/06 17:19:56.172 海期結束更新商品
[21508] 2020/03/06 17:30:01.459 海期開始更新商品
[21508] 2020/03/06 17:30:01.463 海期結束更新商品
[21508] 2020/03/06 17:30:11.969 海期開始更新商品
[21508] 2020/03/06 17:30:11.977 海期結束更新商品
[21508] 2020/03/06 17:31:56.307 海期開始更新商品
[21508] 2020/03/06 17:31:56.309 海期結束更新商品
[21508] 2020/03/06 17:40:01.440 海期開始更新商品
[21508] 2020/03/06 17:40:01.443 海期結束更新商品
[21508] 2020/03/06 17:47:56.463 海期開始更新商品
[21508] 2020/03/06 17:47:56.468 海期結束更新商品
[21508] 2020/03/06 18:05:01.666 海期開始更新商品
[21508] 2020/03/06 18:05:01.672 海期結束更新商品
[21508] 2020/03/06 18:06:21.967 海期開始更新商品
[21508] 2020/03/06 18:06:21.973 海期結束更新商品
[21508] 2020/03/06 18:18:56.770 海期開始更新商品
[21508] 2020/03/06 18:18:56.774 海期結束更新商品
[21508] 2020/03/06 18:25:01.761 海期開始更新商品
[21508] 2020/03/06 18:25:01.766 海期結束更新商品
[21508] 2020/03/06 18:32:56.873 海期開始更新商品
[21508] 2020/03/06 18:32:56.875 海期結束更新商品
[21508] 2020/03/06 18:45:01.936 海期開始更新商品
[21508] 2020/03/06 18:45:01.952 海期結束更新商品
[21508] 2020/03/06 18:45:10.796 海期開始更新商品
[21508] 2020/03/06 18:45:10.796 海期結束更新商品
[21508] 2020/03/06 18:46:56.972 海期開始更新商品
[21508] 2020/03/06 18:46:56.986 海期結束更新商品
[21508] 2020/03/06 18:49:22.288 海期開始更新商品
[21508] 2020/03/06 18:49:22.297 海期結束更新商品
[21508] 2020/03/06 18:50:22.310 海期開始更新商品
[21508] 2020/03/06 18:50:22.330 海期結束更新商品
[21508] 2020/03/06 19:40:02.410 海期開始更新商品
[21508] 2020/03/06 19:40:02.413 海期結束更新商品
[21508] 2020/03/06 19:50:57.547 海期開始更新商品
[21508] 2020/03/06 19:50:57.549 海期結束更新商品
[21508] 2020/03/06 20:45:11.157 海期開始更新商品
[21508] 2020/03/06 20:45:11.161 海期結束更新商品
[21508] 2020/03/06 21:15:11.939 海期開始更新商品
[21508] 2020/03/06 21:15:11.956 海期結束更新商品
[21508] 2020/03/06 22:40:47.044 -----------------------------------------------------------------
