-----------------------------------------------------------------
[21508] 2020/03/05 22:31:45.179 OnReplyMessage，ID: M121591178 , Msg: SKReplyLib_OnReplyMessage:Announcement callback.
[21508] 2020/03/05 22:32:04.221 >> Host srvsolace-fg.capital.com.tw
[21508] 2020/03/05 22:32:06.424 連線
[21508] 2020/03/05 23:16:48.899 SKReplyLib_ConnectByID( M121591178 )
[21508] 2020/03/05 23:16:48.899 OnSessionConnect，Code: 0
[21508] 2020/03/05 23:16:48.899 GetFutureOrderID
[21508] 2020/03/05 23:16:48.899 RequestFutureCount
[21508] 2020/03/05 23:16:48.899 SKReplyLib_ConnectByID Solace 
[21508] 2020/03/05 23:16:48.904 OnSolaceReplyConnection，ID: M121591178 , Code: 0
[21508] 2020/03/05 23:16:48.904 OnyConnection_S，ID: M121591178 , Code: 0
[21508] 2020/03/05 23:16:49.037 [S11] Done
[21508] 2020/03/05 23:16:49.044 OnReplyMessage，ID: M121591178 , Msg: 5,202003051039,202003051137,群益MC用戶您好，因配合交易所逐筆新制會測，自3/7下午3點起，暫停全市場各項作業服務，不便之處請見諒。
[21508] 2020/03/05 23:16:49.108 Market:R2 Status:2
[21508] 2020/03/05 23:16:49.108 reset:R2/M121591178/P
[21508] 2020/03/05 23:16:49.108 reset:R2/M121591178/O
[21508] 2020/03/05 23:16:49.108 reset:R2/M121591178/D
[21508] 2020/03/05 23:16:49.202 Market:R1 Status:2
[21508] 2020/03/05 23:16:49.202 reset:R1/M121591178/P
[21508] 2020/03/05 23:16:49.202 reset:R1/M121591178/O
[21508] 2020/03/05 23:16:49.202 reset:R1/M121591178/D
[21508] 2020/03/05 23:16:49.221 Market:R20 Status:2
[21508] 2020/03/05 23:16:49.221 reset:R20/M121591178/S
[21508] 2020/03/05 23:16:49.242 Market:R3 Status:2
[21508] 2020/03/05 23:16:49.242 reset:R3/M121591178/P
[21508] 2020/03/05 23:16:49.242 reset:R3/M121591178/O
[21508] 2020/03/05 23:16:49.242 reset:R3/M121591178/D
[21508] 2020/03/05 23:16:49.559 Market:R21 Status:2
[21508] 2020/03/05 23:16:49.559 reset:R21/M121591178/S
[21508] 2020/03/05 23:16:49.580 Market:R22 Status:2
[21508] 2020/03/05 23:16:49.580 reset:R22/M121591178/S
[21508] 2020/03/05 23:16:49.599 Market:R4 Status:2
[21508] 2020/03/05 23:16:49.599 reset:R4/M121591178/O
[21508] 2020/03/05 23:16:49.599 reset:R4/M121591178/D
[21508] 2020/03/05 23:16:49.617 [R02]-Start
[21508] 2020/03/05 23:16:49.617 [R02]R2/M121591178/P,R2/M121591178/O,R2/M121591178/D
[21508] 2020/03/05 23:16:49.617 訂完整cache:R2/M121591178/P
[21508] 2020/03/05 23:16:49.617 訂完整cache:R2/M121591178/O
[21508] 2020/03/05 23:16:49.617 訂完整cache:R2/M121591178/D
[21508] 2020/03/05 23:16:49.617 [R02]-End
[21508] 2020/03/05 23:16:49.617 [R02]-Start
[21508] 2020/03/05 23:16:49.617 [R02]R1/M121591178/P,R1/M121591178/O,R1/M121591178/D
[21508] 2020/03/05 23:16:49.617 訂完整cache:R1/M121591178/P
[21508] 2020/03/05 23:16:49.617 訂完整cache:R1/M121591178/O
[21508] 2020/03/05 23:16:49.617 訂完整cache:R1/M121591178/D
[21508] 2020/03/05 23:16:49.617 [R02]-End
[21508] 2020/03/05 23:16:49.617 [R02]-Start
[21508] 2020/03/05 23:16:49.617 [R02]R20/M121591178/S
[21508] 2020/03/05 23:16:49.617 訂完整cache:R20/M121591178/S
[21508] 2020/03/05 23:16:49.617 [R02]-End
[21508] 2020/03/05 23:16:49.617 [R02]-Start
[21508] 2020/03/05 23:16:49.617 [R02]R3/M121591178/P,R3/M121591178/O,R3/M121591178/D
[21508] 2020/03/05 23:16:49.617 訂完整cache:R3/M121591178/P
[21508] 2020/03/05 23:16:49.617 訂完整cache:R3/M121591178/O
[21508] 2020/03/05 23:16:49.617 訂完整cache:R3/M121591178/D
[21508] 2020/03/05 23:16:49.617 [R02]-End
[21508] 2020/03/05 23:16:49.618 [R02]-Start
[21508] 2020/03/05 23:16:49.618 [R02]R21/M121591178/S
[21508] 2020/03/05 23:16:49.618 訂完整cache:R21/M121591178/S
[21508] 2020/03/05 23:16:49.618 [R02]-End
[21508] 2020/03/05 23:16:49.618 [R02]-Start
[21508] 2020/03/05 23:16:49.618 [R02]R22/M121591178/S
[21508] 2020/03/05 23:16:49.618 訂完整cache:R22/M121591178/S
[21508] 2020/03/05 23:16:49.618 [R02]-End
[21508] 2020/03/05 23:16:49.622 [R02]-Start
[21508] 2020/03/05 23:16:49.622 [R02]R4/M121591178/O,R4/M121591178/D
[21508] 2020/03/05 23:16:49.622 訂完整cache:R4/M121591178/O
[21508] 2020/03/05 23:16:49.622 訂完整cache:R4/M121591178/D
[21508] 2020/03/05 23:16:49.622 [R02]-End
[21508] 2020/03/05 23:16:49.662 OnComplete()
[21508] 2020/03/06 00:31:00.126 OnReplyClearMessage()
[21508] 2020/03/06 05:53:17.884 Market:R20 Status:1
[21508] 2020/03/06 05:53:18.968 Market:R20 Status:2
[21508] 2020/03/06 05:53:18.969 OnReplyClear()
[21508] 2020/03/06 06:01:00.094 OnReplyClearMessage()
[21508] 2020/03/06 06:11:36.295 Market:R1 Status:1
[21508] 2020/03/06 06:11:40.443 Market:R1 Status:2
[21508] 2020/03/06 06:11:40.445 OnReplyClear()
[21508] 2020/03/06 06:31:31.518 Market:R4 Status:1
[21508] 2020/03/06 06:31:34.653 Market:R4 Status:2
[21508] 2020/03/06 06:31:34.653 OnReplyClear()
[21508] 2020/03/06 06:56:26.869 Market:R3 Status:1
[21508] 2020/03/06 06:56:27.648 Market:R3 Status:2
[21508] 2020/03/06 06:56:27.648 OnReplyClear()
[21508] 2020/03/06 06:56:30.399 Market:R20 Status:1
[21508] 2020/03/06 06:56:31.462 Market:R20 Status:2
[21508] 2020/03/06 06:56:31.462 OnReplyClear()
[21508] 2020/03/06 06:56:41.363 Market:R21 Status:1
[21508] 2020/03/06 06:56:42.429 Market:R21 Status:2
[21508] 2020/03/06 06:56:42.430 OnReplyClear()
[21508] 2020/03/06 06:56:42.433 Market:R22 Status:1
[21508] 2020/03/06 06:56:43.491 Market:R22 Status:2
[21508] 2020/03/06 06:56:43.492 OnReplyClear()
[21508] 2020/03/06 06:57:00.499 Market:R21 Status:1
[21508] 2020/03/06 06:57:01.553 Market:R21 Status:2
[21508] 2020/03/06 06:57:01.553 OnReplyClear()
[21508] 2020/03/06 06:57:01.557 Market:R22 Status:1
[21508] 2020/03/06 06:57:02.599 Market:R22 Status:2
[21508] 2020/03/06 06:57:02.601 OnReplyClear()
[21508] 2020/03/06 07:02:18.675 Market:R2 Status:1
[21508] 2020/03/06 07:02:59.690 Market:R2 Status:2
[21508] 2020/03/06 07:02:59.691 OnReplyClear()
[21508] 2020/03/06 07:30:10.081 OnSolaceReplyDisConnect，ID: M121591178 , Code: 3002
[21508] 2020/03/06 07:30:10.082 OnDisConnect_S，ID: M121591178 , Code: 3002
[21508] 2020/03/06 22:40:47.044 -----------------------------------------------------------------
