-----------------------------------------------------------------
[21508] 2020/03/05 22:31:45.180 Login ID: M121591178
[21508] 2020/03/05 22:31:45.181 Version¡G2.13.20
[21508] 2020/03/05 22:31:46.871 Login Code: 0
[21508] 2020/03/06 22:40:47.044 -----------------------------------------------------------------
[8016] 2020/03/07 22:26:45.271 Login ID: M121591178
[8016] 2020/03/07 22:26:45.271 Version¡G2.13.20
[8016] 2020/03/07 22:27:06.311 Login Code: 999
[8016] 2020/03/07 22:27:27.336 Login Code: 999
[18156] 2020/03/07 22:40:58.634 Login ID: M121591178
[18156] 2020/03/07 22:40:58.634 Version¡G2.13.20
[17960] 2020/03/07 22:41:33.953 Login ID: M121591178
[17960] 2020/03/07 22:41:33.953 Version¡G2.13.20
[17960] 2020/03/07 22:41:54.993 Login Code: 999
[17960] 2020/03/07 22:42:16.020 Login Code: 999
[17960] 2020/03/07 22:42:33.852 Login ID: M121591178
[17960] 2020/03/07 22:42:33.853 Version¡G2.13.20
[17960] 2020/03/07 22:42:54.875 Login Code: 999
[17960] 2020/03/07 22:43:15.899 Login Code: 999
[17960] 2020/03/07 22:43:16.008 Login ID: M121591178
[17960] 2020/03/07 22:43:16.008 Version¡G2.13.20
[17960] 2020/03/07 22:43:37.031 Login Code: 999
[17732] 2020/03/07 22:44:12.654 Login ID: M121591178
[17732] 2020/03/07 22:44:12.655 Version¡G2.13.20
[17732] 2020/03/07 22:44:33.693 Login Code: 999
[17732] 2020/03/07 22:44:54.715 Login Code: 999
[17732] 2020/03/07 22:45:42.754 -----------------------------------------------------------------
[21012] 2020/03/07 22:49:49.969 Login ID: M121591178
[21012] 2020/03/07 22:49:49.970 Version¡G2.13.20
[21012] 2020/03/07 22:50:11.007 Login Code: 999
[21012] 2020/03/07 22:50:32.031 Login Code: 999
[21012] 2020/03/07 22:58:04.381 Login ID: M121591178
[21012] 2020/03/07 22:58:04.381 Version¡G2.13.20
[21012] 2020/03/07 22:58:25.413 Login Code: 999
[21012] 2020/03/07 22:58:46.433 Login Code: 999
[21012] 2020/03/07 23:04:21.436 Login ID: M121591178
[21012] 2020/03/07 23:04:21.437 Version¡G2.13.20
[21012] 2020/03/07 23:04:42.470 Login Code: 999
[21012] 2020/03/07 23:05:03.493 Login Code: 999
[21012] 2020/03/07 23:05:21.494 Login ID: M121591178
[21012] 2020/03/07 23:05:21.494 Version¡G2.13.20
[21012] 2020/03/07 23:05:42.516 Login Code: 999
[21012] 2020/03/07 23:06:03.543 Login Code: 999
